<?xml version="1.0" encoding="UTF-8"?>
<!-- Generated by org.testng.reporters.JUnitReportReporter -->
<testsuite skipped="0" hostname="Sourabh" name="com.herokuapp.theinternet.PostiveTests" tests="1" failures="0" timestamp="2021-07-24T09:50:18 UTC" time="10.191" errors="0">
  <testcase name="loginTest" time="10.191" classname="com.herokuapp.theinternet.PostiveTests"/>
  <system-out/>
</testsuite> <!-- com.herokuapp.theinternet.PostiveTests -->
