<?xml version="1.0" encoding="UTF-8"?>
<!-- Generated by org.testng.reporters.JUnitReportReporter -->
<testsuite skipped="0" hostname="Sourabh" name="com.herokuapp.theinternet.NegativeTests" tests="3" failures="0" timestamp="2021-07-20T18:55:52 UTC" time="20.211" errors="0">
  <testcase name="incorrectUsername" time="6.881" classname="com.herokuapp.theinternet.NegativeTests"/>
  <system-out/>
  <testcase name="incorrectPassword" time="6.658" classname="com.herokuapp.theinternet.NegativeTests"/>
  <system-out/>
  <testcase name="negativeLoginTest" time="6.672" classname="com.herokuapp.theinternet.NegativeTests"/>
  <system-out/>
</testsuite> <!-- com.herokuapp.theinternet.NegativeTests -->
