<?xml version="1.0" encoding="UTF-8"?>
<!-- Generated by org.testng.reporters.JUnitReportReporter -->
<testsuite skipped="0" hostname="Sourabh" name="com.herokuapp.theinternet.PostiveTests" tests="1" failures="0" timestamp="2021-07-11T10:24:35 UTC" time="14.265" errors="0">
  <testcase name="loginTest" time="14.265" classname="com.herokuapp.theinternet.PostiveTests"/>
  <system-out/>
</testsuite> <!-- com.herokuapp.theinternet.PostiveTests -->
