<?xml version="1.0" encoding="UTF-8"?>
<!-- Generated by org.testng.reporters.JUnitReportReporter -->
<testsuite skipped="0" hostname="Sourabh" name="com.herokuapp.theinternet.PostiveTests" tests="1" failures="0" timestamp="2021-07-17T19:55:46 UTC" time="12.656" errors="0">
  <testcase name="loginTest" time="12.656" classname="com.herokuapp.theinternet.PostiveTests"/>
  <system-out/>
</testsuite> <!-- com.herokuapp.theinternet.PostiveTests -->
