<?xml version="1.0" encoding="UTF-8"?>
<!-- Generated by org.testng.reporters.JUnitReportReporter -->
<testsuite skipped="0" hostname="Sourabh" name="com.herokuapp.theinternet.LoginTest" tests="3" failures="0" timestamp="2021-07-17T20:25:05 UTC" time="42.571" errors="0">
  <testcase name="loginTest1" time="12.753" classname="com.herokuapp.theinternet.LoginTest"/>
  <system-out/>
  <testcase name="negativeLoginTest" time="14.270" classname="com.herokuapp.theinternet.LoginTest"/>
  <system-out/>
  <testcase name="negativeLoginTest" time="15.548" classname="com.herokuapp.theinternet.LoginTest"/>
  <system-out/>
</testsuite> <!-- com.herokuapp.theinternet.LoginTest -->
