<?xml version="1.0" encoding="UTF-8"?>
<!-- Generated by org.testng.reporters.JUnitReportReporter -->
<testsuite skipped="0" hostname="Sourabh" name="com.herokuapp.theinternet.NegativeTests" tests="3" failures="0" timestamp="2021-07-24T09:50:18 UTC" time="23.559" errors="0">
  <testcase name="incorrectUsername" time="9.756" classname="com.herokuapp.theinternet.NegativeTests"/>
  <system-out/>
  <testcase name="incorrectPassword" time="7.059" classname="com.herokuapp.theinternet.NegativeTests"/>
  <system-out/>
  <testcase name="negativeLoginTest" time="6.744" classname="com.herokuapp.theinternet.NegativeTests"/>
  <system-out/>
</testsuite> <!-- com.herokuapp.theinternet.NegativeTests -->
