<?xml version="1.0" encoding="UTF-8"?>
<!-- Generated by org.testng.reporters.JUnitReportReporter -->
<testsuite skipped="0" hostname="Sourabh" name="com.herokuapp.theinternet.PostiveTests" tests="1" failures="0" timestamp="2021-07-20T18:55:52 UTC" time="7.942" errors="0">
  <testcase name="loginTest" time="7.942" classname="com.herokuapp.theinternet.PostiveTests"/>
  <system-out/>
</testsuite> <!-- com.herokuapp.theinternet.PostiveTests -->
