<?xml version="1.0" encoding="UTF-8"?>
<!-- Generated by org.testng.reporters.JUnitReportReporter -->
<testsuite skipped="0" hostname="Sourabh" name="com.herokuapp.theinternet.NegativeTests" tests="2" failures="0" timestamp="2021-07-17T19:55:46 UTC" time="22.684" errors="0">
  <testcase name="negativeLoginTest" time="11.294" classname="com.herokuapp.theinternet.NegativeTests"/>
  <system-out/>
  <testcase name="negativeLoginTest" time="11.390" classname="com.herokuapp.theinternet.NegativeTests"/>
  <system-out/>
</testsuite> <!-- com.herokuapp.theinternet.NegativeTests -->
